SF:lib/core/local_data_source.dart
DA:19,2
DA:20,1
DA:22,2
DA:23,5
DA:26,0
DA:28,0
DA:31,0
DA:32,0
DA:34,0
DA:37,0
DA:41,0
DA:43,0
DA:46,0
DA:47,0
LF:14
LH:4
end_of_record
SF:lib/main.dart
DA:22,0
DA:23,0
DA:24,0
DA:25,0
DA:26,0
DA:27,0
DA:28,0
DA:32,0
DA:34,0
DA:35,0
DA:40,0
DA:42,0
DA:43,0
DA:48,0
DA:50,0
DA:52,0
DA:53,0
DA:54,0
DA:55,0
DA:61,0
DA:62,0
DA:63,0
DA:64,0
DA:65,0
DA:70,0
DA:71,0
LF:26
LH:0
end_of_record
SF:lib/common/styles/styles.dart
DA:7,0
DA:8,0
DA:16,0
DA:17,0
DA:25,0
DA:26,0
DA:34,0
DA:35,0
DA:43,0
DA:44,0
DA:52,0
DA:53,0
DA:61,0
DA:62,0
DA:70,0
DA:71,0
DA:80,0
DA:81,0
DA:89,0
DA:90,0
DA:98,0
DA:99,0
DA:107,0
DA:108,0
LF:24
LH:0
end_of_record
SF:lib/components/border_button_with_bg.dart
DA:7,0
DA:36,0
DA:38,0
DA:39,0
DA:40,0
DA:42,0
DA:44,0
DA:45,0
DA:46,0
DA:48,0
DA:49,0
DA:50,0
DA:52,0
DA:53,0
DA:54,0
DA:55,0
LF:16
LH:0
end_of_record
SF:lib/core/grpc_service_client.dart
DA:7,0
DA:8,0
LF:2
LH:0
end_of_record
SF:lib/core/repository/auth_service.dart
DA:13,0
DA:14,0
DA:15,0
DA:17,0
DA:18,0
DA:19,0
LF:6
LH:0
end_of_record
SF:lib/core/repository/favourite_service.dart
DA:16,1
DA:18,2
DA:19,2
DA:21,2
DA:23,3
DA:24,3
DA:27,0
DA:29,0
DA:32,0
DA:34,0
LF:10
LH:6
end_of_record
SF:lib/core/repository/poi_service.dart
DA:11,0
DA:13,0
DA:14,0
DA:16,0
DA:18,0
DA:20,0
LF:6
LH:0
end_of_record
SF:lib/pages/favourite/binding/favourite_binding.dart
DA:6,0
DA:9,0
DA:10,0
LF:3
LH:0
end_of_record
SF:lib/pages/favourite/controller/favourite_controller.dart
DA:16,0
DA:17,0
DA:18,0
DA:19,0
DA:20,0
DA:23,0
DA:24,0
DA:27,0
DA:28,0
DA:30,0
DA:31,0
DA:32,0
DA:34,0
LF:13
LH:0
end_of_record
SF:lib/pages/favourite/screen/favourite_screen.dart
DA:9,0
DA:11,0
DA:12,0
DA:13,0
DA:14,0
DA:15,0
DA:17,0
DA:18,0
DA:21,0
DA:24,0
DA:25,0
DA:30,0
DA:31,0
DA:32,0
DA:33,0
DA:34,0
DA:37,0
DA:38,0
DA:41,0
DA:42,0
DA:45,0
DA:46,0
DA:47,0
DA:48,0
DA:49,0
DA:50,0
DA:51,0
DA:52,0
DA:53,0
DA:54,0
DA:55,0
DA:56,0
DA:57,0
DA:61,0
DA:65,0
DA:69,0
DA:75,0
DA:79,0
DA:83,0
DA:84,0
DA:85,0
DA:92,0
DA:93,0
DA:94,0
DA:95,0
DA:97,0
DA:98,0
DA:99,0
DA:100,0
DA:102,0
DA:103,0
DA:105,0
DA:107,0
DA:118,0
DA:120,0
DA:123,0
DA:125,0
DA:127,0
DA:130,0
DA:131,0
DA:137,0
DA:139,0
DA:140,0
DA:141,0
DA:144,0
DA:145,0
DA:146,0
DA:147,0
DA:154,0
DA:155,0
DA:157,0
LF:71
LH:0
end_of_record
SF:lib/pages/home/binding/home_binding.dart
DA:6,0
DA:9,0
DA:10,0
LF:3
LH:0
end_of_record
SF:lib/pages/home/controller/home_controller.dart
DA:34,0
DA:35,0
DA:36,0
DA:37,0
DA:38,0
DA:39,0
DA:40,0
DA:44,0
DA:45,0
DA:46,0
DA:49,0
DA:50,0
DA:56,0
DA:57,0
DA:58,0
DA:59,0
DA:60,0
DA:61,0
DA:62,0
DA:64,0
DA:65,0
DA:69,0
DA:70,0
DA:71,0
DA:72,0
DA:73,0
DA:74,0
DA:82,0
DA:83,0
DA:85,0
DA:86,0
DA:87,0
DA:89,0
DA:92,0
DA:93,0
DA:94,0
DA:95,0
DA:96,0
DA:97,0
DA:98,0
DA:100,0
DA:102,0
DA:105,0
DA:107,0
DA:108,0
DA:109,0
DA:111,0
DA:114,0
DA:115,0
LF:49
LH:0
end_of_record
SF:lib/pages/home/screen/home_screen.dart
DA:13,0
DA:15,0
DA:16,0
DA:17,0
DA:20,0
DA:21,0
DA:24,0
DA:27,0
DA:28,0
DA:29,0
DA:32,0
DA:33,0
DA:34,0
DA:35,0
DA:36,0
DA:37,0
DA:38,0
DA:39,0
DA:43,0
DA:44,0
DA:46,0
DA:47,0
DA:48,0
DA:49,0
DA:50,0
DA:51,0
DA:53,0
DA:55,0
DA:57,0
DA:58,0
DA:59,0
DA:62,0
DA:63,0
DA:66,0
DA:67,0
DA:80,0
DA:81,0
DA:83,0
DA:84,0
DA:85,0
DA:86,0
DA:90,0
DA:91,0
DA:92,0
DA:93,0
DA:94,0
DA:95,0
DA:96,0
DA:97,0
DA:99,0
DA:100,0
DA:101,0
DA:102,0
DA:103,0
DA:105,0
DA:106,0
DA:107,0
DA:109,0
DA:110,0
DA:112,0
DA:113,0
DA:114,0
DA:116,0
DA:117,0
DA:118,0
DA:127,0
DA:128,0
DA:130,0
DA:131,0
DA:132,0
DA:134,0
DA:135,0
DA:139,0
LF:73
LH:0
end_of_record
SF:lib/pages/login/binding/login_binding.dart
DA:6,0
DA:9,0
DA:10,0
LF:3
LH:0
end_of_record
SF:lib/pages/login/controller/login_controller.dart
DA:22,0
DA:23,0
DA:27,0
DA:28,0
DA:31,0
DA:32,0
DA:34,0
DA:35,0
DA:36,0
DA:37,0
DA:38,0
DA:40,0
DA:41,0
DA:42,0
DA:43,0
DA:49,0
DA:50,0
DA:51,0
DA:53,0
LF:19
LH:0
end_of_record
SF:lib/pages/login/screen/login_screen.dart
DA:10,0
DA:12,0
DA:13,0
DA:14,0
DA:17,0
DA:18,0
DA:20,0
DA:21,0
DA:22,0
DA:23,0
DA:25,0
DA:26,0
DA:29,0
DA:30,0
DA:32,0
DA:33,0
DA:36,0
DA:40,0
DA:42,0
DA:68,0
DA:70,0
DA:71,0
DA:73,0
DA:75,0
DA:79,0
DA:80,0
DA:82,0
DA:83,0
DA:84,0
DA:85,0
DA:93,0
DA:119,0
DA:124,0
DA:125,0
DA:126,0
LF:35
LH:0
end_of_record
SF:lib/pages/route/binding/route_binding.dart
DA:8,0
DA:11,0
DA:12,0
DA:13,0
DA:14,0
DA:16,0
DA:17,0
DA:18,0
DA:19,0
LF:9
LH:0
end_of_record
SF:lib/pages/route/controller/route_controller.dart
DA:22,0
DA:23,0
DA:27,0
DA:28,0
LF:4
LH:0
end_of_record
SF:lib/pages/route/screen/route_screen.dart
DA:8,0
DA:10,0
DA:11,0
DA:12,0
DA:15,0
DA:16,0
DA:18,0
LF:7
LH:0
end_of_record
SF:lib/src/generated/poi.pb.dart
DA:15,0
DA:16,0
DA:19,0
DA:20,0
DA:21,0
DA:22,0
DA:23,0
DA:27,0
DA:28,0
DA:32,0
DA:33,0
DA:34,0
DA:35,0
DA:36,0
DA:37,0
DA:38,0
DA:39,0
DA:44,3
DA:45,1
DA:46,1
DA:47,1
DA:48,1
DA:49,1
DA:50,1
DA:51,1
DA:54,2
DA:55,1
DA:63,1
DA:65,0
DA:68,0
DA:71,0
DA:74,1
DA:77,0
DA:80,0
DA:84,0
DA:85,3
DA:86,0
DA:90,0
DA:91,0
DA:95,0
DA:96,2
DA:97,1
DA:98,1
DA:99,0
DA:100,0
DA:101,0
DA:102,0
DA:105,0
DA:106,0
DA:107,0
DA:108,0
DA:109,0
DA:110,0
DA:111,0
DA:112,0
DA:114,0
DA:115,0
DA:116,0
DA:117,0
DA:118,0
DA:119,0
DA:120,0
DA:121,0
DA:123,0
DA:124,0
DA:125,0
DA:126,0
DA:127,0
DA:128,0
DA:129,0
DA:130,0
DA:132,0
DA:133,0
DA:134,1
DA:135,1
DA:136,0
DA:137,0
DA:138,0
DA:139,0
DA:141,0
DA:142,0
DA:143,0
DA:144,0
DA:145,0
DA:146,0
DA:147,0
DA:148,0
DA:150,0
DA:151,0
DA:152,0
DA:153,0
DA:154,0
DA:155,0
DA:156,0
DA:157,0
DA:161,0
DA:162,0
DA:163,0
DA:164,0
DA:167,0
DA:168,0
DA:172,0
DA:174,0
DA:177,0
DA:181,0
DA:182,0
DA:183,0
DA:187,0
DA:188,0
DA:192,0
DA:193,0
DA:194,0
DA:195,0
DA:196,0
DA:197,0
DA:198,0
DA:199,0
DA:202,0
DA:203,0
DA:204,0
DA:205,0
DA:206,0
DA:207,0
DA:208,0
DA:209,0
DA:211,0
DA:212,0
DA:213,0
DA:214,0
DA:215,0
DA:216,0
DA:217,0
DA:218,0
DA:222,0
DA:223,0
DA:224,0
DA:227,0
DA:228,0
DA:231,0
DA:233,0
DA:237,0
DA:238,0
DA:239,0
DA:243,0
DA:244,0
DA:248,0
DA:249,0
DA:250,0
DA:251,0
DA:252,0
DA:253,0
DA:254,0
DA:255,0
DA:258,0
DA:259,0
DA:260,0
DA:261,0
DA:262,0
DA:263,0
DA:264,0
DA:265,0
DA:270,0
DA:272,0
DA:273,0
DA:274,0
DA:280,0
DA:282,0
DA:283,0
DA:284,0
LF:169
LH:18
end_of_record
SF:lib/src/generated/poi.pbjson.dart
DA:17,0
DA:32,0
DA:43,0
DA:53,0
DA:68,0
DA:83,0
LF:6
LH:0
end_of_record
SF:lib/src/generated/poi.pbgrpc.dart
DA:8,0
DA:10,0
DA:11,0
DA:13,0
DA:16,0
DA:18,0
DA:20,0
DA:21,0
DA:27,0
DA:29,0
DA:30,0
DA:32,0
DA:35,0
DA:36,0
DA:39,0
DA:41,0
DA:49,0
DA:51,0
DA:52,0
DA:54,0
DA:57,0
DA:59,0
DA:61,0
DA:66,0
DA:68,0
DA:69,0
DA:71,0
DA:74,0
DA:75,0
DA:78,0
DA:80,0
LF:31
LH:0
end_of_record
SF:lib/utils/network.dart
DA:4,0
DA:5,0
DA:6,0
DA:7,0
DA:9,0
LF:5
LH:0
end_of_record
SF:lib/utils/validator.dart
DA:3,0
DA:4,0
DA:11,0
DA:12,0
LF:4
LH:0
end_of_record
SF:lib/application.dart
DA:10,0
LF:1
LH:0
end_of_record
SF:lib/common/langs/translation_service.dart
DA:7,0
DA:8,0
DA:9,0
LF:3
LH:0
end_of_record
SF:lib/router/app_pages.dart
DA:9,0
DA:10,0
DA:12,0
DA:13,0
DA:17,0
DA:19,0
DA:20,0
DA:21,0
DA:25,0
DA:27,0
DA:28,0
DA:29,0
DA:33,0
DA:35,0
DA:36,0
DA:37,0
DA:46,0
DA:49,0
LF:18
LH:0
end_of_record
